<?xml version="1.0" encoding="UTF-8"?>
<!-- Generated by org.testng.reporters.JUnitReportReporter -->
<testsuite hostname="RLE0131" name="testproject.toTest" tests="1" failures="0" timestamp="13 Nov 2015 16:01:29 GMT" time="0.014" errors="0">
  <testcase name="meth" time="0.014" classname="testproject.toTest"/>
</testsuite> <!-- testproject.toTest -->
