<?xml version="1.0" encoding="UTF-8"?>
<!-- Generated by org.testng.reporters.JUnitReportReporter -->
<testsuite hostname="RLE0131" name="com.parent.scholastic.ParentsURL" tests="1" failures="0" timestamp="19 Nov 2015 17:11:52 GMT" time="13.909" errors="0">
  <testcase name="openApp" time="13.909" classname="com.parent.scholastic.ParentsURL"/>
</testsuite> <!-- com.parent.scholastic.ParentsURL -->
