<?xml version="1.0" encoding="UTF-8"?>
<!-- Generated by org.testng.reporters.JUnitReportReporter -->
<testsuite hostname="RLE0131" name="com.teacher.scholastic.TeacherURL" tests="1" failures="0" timestamp="19 Nov 2015 17:11:52 GMT" time="18.546" errors="0">
  <testcase name="openApp" time="18.546" classname="com.teacher.scholastic.TeacherURL"/>
</testsuite> <!-- com.teacher.scholastic.TeacherURL -->
